<?xml version="1.0" encoding="UTF-8"?>
<beans xmlns="http://www.springframework.org/schema/beans"
       xmlns:xsi="http://www.w3.org/2001/XMLSchema-instance"
       xmlns:p="http://www.springframework.org/schema/p"
       xmlns:context="http://www.springframework.org/schema/context"
       xmlns:aop="http://www.springframework.org/schema/aop"
       xmlns:tx="http://www.springframework.org/schema/tx"
       xsi:schemaLocation="http://www.springframework.org/schema/beans http://www.springframework.org/schema/beans/spring-beans-2.5.xsd
       http://www.springframework.org/schema/context http://www.springframework.org/schema/context/spring-context.xsd
       http://www.springframework.org/schema/aop http://www.springframework.org/schema/aop/spring-aop-2.5.xsd
       http://www.springframework.org/schema/tx http://www.springframework.org/schema/tx/spring-tx-2.5.xsd">

           <context:component-scan base-package="com.ebdesk" />

    <tx:annotation-driven/>
    <!--<bean class="org.springframework.jdbc.datasource.DriverManagerDataSource" id="dataSource">
        <property name="driverClassName" value="oracle.jdbc.driver.OracleDriver"/>
        <property name="url" value="jdbc:oracle:thin:@//192.168.1.31:1521/ORCL"/>
        <property name="username" value="josef"/>
        <property name="password" value="password"/>
    </bean>
    <bean class="org.springframework.orm.hibernate3.annotation.AnnotationSessionFactoryBean" id="sessionFactory">
        <property name="dataSource" ref="dataSource"/>
        <property name="hibernateProperties">
            <props>
                <prop key="hibernate.dialect">org.hibernate.dialect.Oracle10gDialect</prop>
                <prop key="hibernate.show_sql">true</prop>
                <prop key="hibernate.format_sql">true</prop>
                <prop key="hibernate.hbm2ddl.auto">update</prop>
                <prop key="hibernate.connection.autocommit">false</prop>
            </props>
        </property>
        <property name="packagesToScan" value="com/ebdesk/**/domain"/>
    </bean>-->
    
    <bean class="org.springframework.jdbc.datasource.DriverManagerDataSource" id="dataSource">
        <property name="driverClassName" value="com.mysql.jdbc.Driver"/>
        <property name="url" value="jdbc:mysql://127.0.0.1:3306/eb_dm_engine"/>
        <property name="username" value="root"/>
        <property name="password" value="password"/>
    </bean>
    
    <bean class="org.springframework.orm.hibernate3.annotation.AnnotationSessionFactoryBean" id="sessionFactory">
        <qualifier value="dm_engine"/>
        <property name="dataSource" ref="dataSource"/>
        <property name="hibernateProperties">
            <props>
                <prop key="hibernate.dialect">org.hibernate.dialect.MySQL5InnoDBDialect</prop>
                <prop key="hibernate.show_sql">true</prop>
                <prop key="hibernate.format_sql">true</prop>
                <!--<prop key="hibernate.hbm2ddl.auto">update</prop>-->
                <prop key="hibernate.connection.autocommit">false</prop>
            </props>
        </property>
        <property name="packagesToScan" value="com/ebdesk/dm/engine/domain"/>
    </bean> 
    <bean class="org.springframework.orm.hibernate3.HibernateTransactionManager" id="transactionManager" p:sessionFactory-ref="sessionFactory"/>
    <bean id="log4jInitialization" class="org.springframework.beans.factory.config.MethodInvokingFactoryBean">
	   <property name="targetClass" value="org.springframework.util.Log4jConfigurer" />
	   <property name="targetMethod" value="initLogging" />
	   <property name="arguments">
		  <list>
			 <value>classpath:log4j.properties</value>
		  </list>
	   </property>
	</bean>
</beans>